{"/workspace/exercise-unit-test-with-jest/app.js": {"path":"/workspace/exercise-unit-test-with-jest/app.js","statementMap":{"0":{"start":{"line":2,"column":12},"end":{"line":4,"column":1}},"1":{"start":{"line":3,"column":4},"end":{"line":3,"column":16}},"2":{"start":{"line":7,"column":0},"end":{"line":7,"column":21}},"3":{"start":{"line":15,"column":16},"end":{"line":19,"column":1}},"4":{"start":{"line":25,"column":26},"end":{"line":25,"column":55}},"5":{"start":{"line":27,"column":4},"end":{"line":27,"column":26}},"6":{"start":{"line":30,"column":24},"end":{"line":30,"column":55}},"7":{"start":{"line":32,"column":4},"end":{"line":32,"column":24}},"8":{"start":{"line":37,"column":22},"end":{"line":37,"column":71}},"9":{"start":{"line":39,"column":4},"end":{"line":39,"column":22}},"10":{"start":{"line":43,"column":24},"end":{"line":43,"column":51}},"11":{"start":{"line":44,"column":4},"end":{"line":44,"column":24}},"12":{"start":{"line":49,"column":24},"end":{"line":49,"column":66}},"13":{"start":{"line":50,"column":4},"end":{"line":50,"column":24}},"14":{"start":{"line":53,"column":0},"end":{"line":53,"column":76}},"15":{"start":{"line":55,"column":0},"end":{"line":55,"column":54}},"16":{"start":{"line":56,"column":0},"end":{"line":56,"column":54}},"17":{"start":{"line":57,"column":0},"end":{"line":57,"column":53}},"18":{"start":{"line":58,"column":0},"end":{"line":58,"column":52}}},"fnMap":{"0":{"name":"(anonymous_0)","decl":{"start":{"line":2,"column":12},"end":{"line":2,"column":13}},"loc":{"start":{"line":2,"column":21},"end":{"line":4,"column":1}},"line":2},"1":{"name":"fromEuroToDollar","decl":{"start":{"line":24,"column":9},"end":{"line":24,"column":25}},"loc":{"start":{"line":24,"column":41},"end":{"line":28,"column":1}},"line":24},"2":{"name":"fromDollarToEuro","decl":{"start":{"line":29,"column":9},"end":{"line":29,"column":25}},"loc":{"start":{"line":29,"column":43},"end":{"line":33,"column":1}},"line":29},"3":{"name":"fromDollarToYen","decl":{"start":{"line":36,"column":9},"end":{"line":36,"column":24}},"loc":{"start":{"line":36,"column":41},"end":{"line":40,"column":1}},"line":36},"4":{"name":"fromYenToEuro","decl":{"start":{"line":42,"column":9},"end":{"line":42,"column":22}},"loc":{"start":{"line":42,"column":35},"end":{"line":45,"column":1}},"line":42},"5":{"name":"fromYenToPound","decl":{"start":{"line":48,"column":9},"end":{"line":48,"column":23}},"loc":{"start":{"line":48,"column":36},"end":{"line":51,"column":1}},"line":48}},"branchMap":{},"s":{"0":1,"1":2,"2":1,"3":1,"4":2,"5":2,"6":3,"7":3,"8":2,"9":2,"10":2,"11":2,"12":2,"13":2,"14":1,"15":1,"16":1,"17":1,"18":1},"f":{"0":2,"1":2,"2":3,"3":2,"4":2,"5":2},"b":{},"_coverageSchema":"1a1c01bbd47fc00a2c39e90264f33305004495a9","hash":"92a5d65e9bd3a9d49592d6957926218eb66cec19"}
}
